Oct-23-2012 12:53:09 (1351021989)
getLineItemDetails 7 - subtotal comparisons
BEFORE line-item calcs: Array
(
    [AMT] => 199
    [ITEMAMT] => 199
    [TAXAMT] => 0
    [SHIPPINGAMT] => 0
    [SHIPDISCAMT] => 0
    [HANDLINGAMT] => 0
    [INSURANCEAMT] => 0
)
AFTER doing line-item calcs: Array
(
    [AMT] => 199
    [ITEMAMT] => 199
    [TAXAMT] => 0
    [SHIPPINGAMT] => 0
    [SHIPDISCAMT] => 0
    [HANDLINGAMT] => 0
    [INSURANCEAMT] => 0
    [L_NAME0] => Service Subscription [13]
    [L_QTY0] => 1
    [L_AMT0] => 199
)

=================================

Oct-23-2012 12:53:09 (1351021989)
getLineItemDetails 8
checking subtotals... 
Array
(
    [calculated total] => 199.00
    [AMT] => 199.00
    [ITEMAMT] => 199.00
)

-------------------
difference: 0  (abs+rounded: 0)
=================================

Oct-23-2012 12:53:09 (1351021989)
getLineItemDetails 10
subtotals balance - okay
=================================

Oct-23-2012 12:53:09 (1351021989)
ec_step1 - 1
Checking to see if we are in markflow
cart contents: physical

NOTE: $this->showPaymentPage = 0
Customer ID: 1
Session Data: Array
(
    [securityToken] => ecea16809d93e19d01bcee29bb781b2c
    [customers_host_address] => cpe-98-155-103-64.san.res.rr.com
    [cartID] => 
    [cart] => shoppingCart Object
        (
            [contents] => Array
                (
                    [13] => Array
                        (
                            [qty] => 1
                        )

                )

            [total] => 199
            [weight] => 0
            [cartID] => 26730
            [content_type] => physical
            [free_shipping_item] => 0
            [free_shipping_weight] => 0
            [free_shipping_price] => 0
        )

    [check_valid] => true
    [language] => english
    [languages_id] => 1
    [languages_code] => en
    [currency] => USD
    [today_is] => 2012-10-23
    [updateExpirations] => 1
    [session_counter] => 1
    [customers_ip_address] => 98.155.103.64
    [new_products_id_in_cart] => 13
    [valid_to_checkout] => 1
    [cart_errors] => 
    [payment] => paypalwpp
    [cot_gv] => 0
    [messageToStack] => 
    [customer_id] => 1
    [customer_default_address_id] => 1
    [customers_authorization] => 0
    [customer_first_name] => Tom
    [customer_last_name] => Garland
    [customer_country_id] => 223
    [customer_zone_id] => 12
)

=================================

Oct-23-2012 12:53:09 (1351021989)
ec-step1-addr_check
cart content is not all virtual (or customer is not logged in) ... therefore will be submitting address details
=================================

Oct-23-2012 12:53:09 (1351021989)
getOverrideAddress - 4
not logged in and not in markflow mode - nothing to override
=================================

Oct-23-2012 12:53:09 (1351021989)
ec-step1-addr_check3
address details from override check: <NONE FOUND>
=================================

Oct-23-2012 12:53:09 (1351021989)
ec_step1 - 2 -submit
Array
(
    [AMT] => 199.00
    [ITEMAMT] => 199.00
    [L_NAME0] => Service Subscription [13]
    [L_QTY0] => 1
    [L_AMT0] => 199.00
    [CURRENCYCODE] => USD
    [LOCALECODE] => US
    [ALLOWEDPAYMENTMETHOD] => InstantPaymentOnly
    [GIFTMESSAGEENABLE] => 0
    [GIFTRECEIPTEENABLE] => 0
    [GIFTWRAPENABLE] => 0
    [GIFTWRAPNAME] => 
    [GIFTWRAPAMOUNT] => 0
    [BUYEREMAILOPTINENABLE] => 0
    [CUSTOMERSERVICENUMBER] => (818) 903-4076
    [BRANDNAME] => SwiftReporting Software
    [PAYMENTACTION] => Sale
    [ALLOWNOTE] => 1
    [SOLUTIONTYPE] => Sole
    [LANDINGPAGE] => Billing
    [NOSHIPPING] => 0
    [EMAIL] => tgarland@gmail.com
    [SHIPTOPHONENUM] => 760-650-2212
    [RETURNURL] => http://swiftreportingsoftware.com/swiftcart/ipn_main_handler.php?type=ec
    [CANCELURL] => http://swiftreportingsoftware.com/swiftcart/index.php?main_page=checkout_shipping&ec_cancel=1
)

=================================

Oct-23-2012 12:53:10 (1351021990)
termEC-1
Killed the session vars as requested
=================================

Oct-23-2012 12:53:10 (1351021990)
termEC-2
BEFORE: $this->showPaymentPage = 0
Token Data:
=================================

Oct-23-2012 12:53:10 (1351021990)
termEC-3
AFTER: $this->showPaymentPage = 0
=================================

Oct-23-2012 12:53:10 (1351021990)
termEC-8
$this->showPaymentPage NOT true, and NO custom page selected ... using SHIPPING as default
=================================

Oct-23-2012 12:53:10 (1351021990)
termEC-10
Redirecting to checkout_shipping - Stack: checkout_shipping
Message: We are sorry for the inconvenience. The PayPal account authentication settings are not yet set up, or the API security information is incorrect. We are unable to complete your transaction. Please notify the store owner so they can correct this problem. (10002) 10002  Security error - Security header is not valid
Session Data: Array
(
    [securityToken] => ecea16809d93e19d01bcee29bb781b2c
    [customers_host_address] => cpe-98-155-103-64.san.res.rr.com
    [cartID] => 
    [cart] => shoppingCart Object
        (
            [contents] => Array
                (
                    [13] => Array
                        (
                            [qty] => 1
                        )

                )

            [total] => 199
            [weight] => 0
            [cartID] => 26730
            [content_type] => physical
            [free_shipping_item] => 0
            [free_shipping_weight] => 0
            [free_shipping_price] => 0
        )

    [navigation] => navigationHistory Object
        (
            [path] => Array
                (
                    [0] => Array
                        (
                            [page] => index
                            [mode] => NONSSL
                            [get] => Array
                                (
                                    [type] => ec
                                )

                            [post] => Array
                                (
                                )

                        )

                )

            [snapshot] => Array
                (
                )

        )

    [check_valid] => true
    [language] => english
    [languages_id] => 1
    [languages_code] => en
    [currency] => USD
    [today_is] => 2012-10-23
    [updateExpirations] => 1
    [session_counter] => 1
    [customers_ip_address] => 98.155.103.64
    [new_products_id_in_cart] => 13
    [valid_to_checkout] => 1
    [cart_errors] => 
    [payment] => paypalwpp
    [cot_gv] => 0
    [messageToStack] => Array
        (
            [0] => Array
                (
                    [class] => checkout_shipping
                    [text] => We are sorry for the inconvenience. The PayPal account authentication settings are not yet set up, or the API security information is incorrect. We are unable to complete your transaction. Please notify the store owner so they can correct this problem. (10002) 10002  Security error - Security header is not valid
                    [type] => error
                )

        )

    [customer_id] => 1
    [customer_default_address_id] => 1
    [customers_authorization] => 0
    [customer_first_name] => Tom
    [customer_last_name] => Garland
    [customer_country_id] => 223
    [customer_zone_id] => 12
)

=================================

