2012-10-23 12:53:10
-------------------
(sandbox transaction) --> https://api-3t.sandbox.paypal.com/nvp
Request Headers: 
Array
(
    [0] => Content-Type: text/namevalue
    [1] => X-VPS-Timeout: 90
    [2] => X-VPS-VIT-Client-Type: PHP/cURL
    [3] => X-VPS-VIT-Integration-Product: PHP::Zen Cart(R) - PayPal/NVP
    [4] => X-VPS-VIT-Integration-Version: 1.5.1
)


Request Parameters: {SetExpressCheckout} 
Array
(
    [AMT] => 199.00
    [ITEMAMT] => 199.00
    [L_NAME0] => Service Subscription [13]
    [L_QTY0] => 1
    [L_AMT0] => 199.00
    [CURRENCYCODE] => USD
    [LOCALECODE] => US
    [ALLOWEDPAYMENTMETHOD] => InstantPaymentOnly
    [GIFTMESSAGEENABLE] => 0
    [GIFTRECEIPTEENABLE] => 0
    [GIFTWRAPENABLE] => 0
    [GIFTWRAPNAME] => 
    [GIFTWRAPAMOUNT] => 0
    [BUYEREMAILOPTINENABLE] => 0
    [CUSTOMERSERVICENUMBER] => (818) 903-4076
    [BRANDNAME] => SwiftReporting Software
    [PAYMENTACTION] => Sale
    [ALLOWNOTE] => 1
    [LANDINGPAGE] => Billing
    [NOSHIPPING] => 0
    [EMAIL] => tgarland@gmail.com
    [SHIPTOPHONENUM] => 760-650-2212
    [RETURNURL] => http://swiftreportingsoftware.com/swiftcart/ipn_main_handler.php?type=ec
    [CANCELURL] => http://swiftreportingsoftware.com/swiftcart/index.php?main_page=checkout_shipping&ec_cancel=1
    [PAGESTYLE] => Primary
    [METHOD] => SetExpressCheckout
    [USER] => kswift_api1.swiftreportingsoftware.com
    [PWD] => ****************
    [VERSION] => 61.0
    [SIGNATURE] => ****************************************************SpPj
)


Response: 
Array
(
    [TIMESTAMP] => 2012-10-23T19:53:10Z
    [CORRELATIONID] => 8d1a7e1ad6c71
    [ACK] => Failure
    [VERSION] => 61.0
    [BUILD] => 4072860
    [L_ERRORCODE0] => 10002
    [L_SHORTMESSAGE0] => Security error
    [L_LONGMESSAGE0] => Security header is not valid
    [L_SEVERITYCODE0] => Error
    [CURL_ERRORS] => 
)


SetExpressCheckout, Elapsed: 651ms -- Failure

TIMESTAMP=2012%2d10%2d23T19%3a53%3a10Z&CORRELATIONID=8d1a7e1ad6c71&ACK=Failure&VERSION=61%2e0&BUILD=4072860&L_ERRORCODE0=10002&L_SHORTMESSAGE0=Security%20error&L_LONGMESSAGE0=Security%20header%20is%20not%20valid&L_SEVERITYCODE0=Error&CURL_ERRORS=

